<?xml version="1.0" encoding="UTF-8"?>
<!-- Generated by org.testng.reporters.JUnitXMLReporter -->
<testsuite ignored="0" hostname="Asplap2656" failures="0" tests="12" name="Test" time="494.803" errors="0" timestamp="2024-01-10T15:43:36 IST">
  <testcase classname="ClientApplication.POMClientAppWithHashMap" name="purchaseOrder" time="32.341"/>
  <testcase classname="ClientApplication.POMClientAppWithHashMap" name="purchaseOrder" time="32.587"/>
  <testcase classname="ClientApplication.POMClientAppWithHashMap" name="VerifyOrder" time="13.158"/>
  <testcase classname="ClientApplication.POMClientAppEnd2EndFlow" name="purchaseOrder" time="20.813"/>
  <testcase classname="ClientApplication.POMClientAppEnd2EndFlow" name="VerifyOrder" time="13.177"/>
  <testcase classname="ClientApplication.ClientAppEnd2EndFlow" name="OrderPurchase" time="35.032"/>
  <testcase classname="ClientApplication.POMClientAppWithJSON" name="purchaseOrder" time="22.093"/>
  <testcase classname="ClientApplication.POMClientAppWithJSON" name="purchaseOrder" time="21.831"/>
  <testcase classname="ClientApplication.POMClientAppWithJSON" name="VerifyOrder" time="13.212"/>
  <testcase classname="ClientApplication.POMClientAppDataProvider" name="purchaseOrder" time="22.955"/>
  <testcase classname="ClientApplication.POMClientAppDataProvider" name="purchaseOrder" time="33.4"/>
  <testcase classname="ClientApplication.POMClientAppDataProvider" name="VerifyOrder" time="13.678"/>
</testsuite> <!-- Test -->
