<?xml version="1.0" encoding="UTF-8"?>
<!-- Generated by org.testng.reporters.JUnitXMLReporter -->
<testsuite ignored="0" hostname="Asplap2656" failures="0" tests="50" name="Test" time="1022.153" errors="0" timestamp="2024-01-10T19:17:29 IST">
  <testcase classname="ClientApplication.POMClientAppWithHashMap" name="purchaseOrder" time="34.252"/>
  <testcase classname="ClientApplication.POMClientAppWithHashMap" name="purchaseOrder" time="35.696"/>
  <testcase classname="ClientApplication.POMClientAppWithHashMap" name="VerifyOrder" time="16.513"/>
  <testcase classname="ClientApplication.POMClientAppEnd2EndFlow" name="purchaseOrder" time="36.108"/>
  <testcase classname="ClientApplication.POMClientAppEnd2EndFlow" name="VerifyOrder" time="14.167"/>
  <testcase classname="ClientApplication.ClientAppEnd2EndFlow" name="OrderPurchase" time="24.08"/>
  <testcase classname="ClientApplication.POMClientAppWithJSON" name="purchaseOrder" time="33.786"/>
  <testcase classname="ClientApplication.POMClientAppWithJSON" name="purchaseOrder" time="31.66"/>
  <testcase classname="ClientApplication.POMClientAppWithJSON" name="VerifyOrder" time="13.555"/>
  <testcase classname="ClientApplication.POMClientAppDataProvider" name="purchaseOrder" time="33.145"/>
  <testcase classname="ClientApplication.POMClientAppDataProvider" name="purchaseOrder" time="31.654"/>
  <testcase classname="ClientApplication.POMClientAppDataProvider" name="VerifyOrder" time="1.96"/>
  <testcase classname="Selenium4.HandlePopupByUrl" name="handlePopup" time="17.723"/>
  <testcase classname="Selenium4.WindowHandle" name="handleChildFrame" time="29.208"/>
  <testcase classname="Selenium4.CDPCommandTest" name="SetEmulation" time="9.934"/>
  <testcase classname="Selenium4.PartialScreenshot" name="screenshotPartial" time="6.816"/>
  <testcase classname="Selenium4.SetGeoLocation" name="geoLocation" time="29.336"/>
  <testcase classname="Selenium4.GetConsoleLogs" name="getConsoleLogs" time="19.765"/>
  <testcase classname="Selenium4.GetNetworkLog" name="getNetworkLogs" time="20.135"/>
  <testcase classname="Selenium4.FailRequest" name="reqFail" time="18.395"/>
  <testcase classname="Selenium4.NetworkSpeed" name="changeNetworkSpeed" time="21.945"/>
  <testcase classname="Selenium4.MockRequest" name="mockReq" time="17.945"/>
  <testcase classname="Selenium4.BasicAuthentication" name="BasicAuth" time="23.561"/>
  <testcase classname="Selenium4.GetDimension" name="getDimension" time="11.434"/>
  <testcase classname="Selenium4.RelativeLocators" name="relativeLocator" time="10.225"/>
  <testcase classname="Selenium4.BlockRequest" name="BlockImageRequest" time="4.463"/>
  <testcase classname="Selenium4.MobileEmulator" name="emulatorMobile" time="23.879"/>
  <testcase classname="WaitSynchronization.ImplicitWait" name="implicitWait" time="21.488"/>
  <testcase classname="WaitSynchronization.ExplicitWait" name="explicitWait" time="24.296"/>
  <testcase classname="WaitSynchronization.FluentWaitClass" name="fluentWait" time="20.796"/>
  <testcase classname="Scrolling.WindowScrolling" name="scrolling" time="41.38"/>
  <testcase classname="Stream.Collector" name="collectList" time="0.007"/>
  <testcase classname="Stream.StreamConcat" name="streamConcat" time="0.006"/>
  <testcase classname="Stream.Map" name="mapStream" time="0.003"/>
  <testcase classname="Stream.JavaStream" name="stream" time="0.015"/>
  <testcase classname="Stream.Filter" name="filter" time="0.009"/>
  <testcase classname="Stream.Limit" name="limit" time="0.002"/>
  <testcase classname="Stream.StreamDistinct" name="streamDistinct" time="0.002"/>
  <testcase classname="Miscellaneous.Cookies" name="addCookies" time="43.918"/>
  <testcase classname="Miscellaneous.TakeScreenshot" name="getScreenshot" time="33.772"/>
  <testcase classname="Miscellaneous.BrokenLink" name="brokenLink" time="62.121"/>
  <testcase classname="List.VectorList" name="vectorList" time="0.002"/>
  <testcase classname="List.Array" name="arrayList" time="0.002"/>
  <testcase classname="List.StackList" name="stackList" time="0.003"/>
  <testcase classname="List.Linked" name="linkedList" time="0.003"/>
  <testcase classname="Deque.Array_Deque" name="arrayDeque" time="0.0"/>
  <testcase classname="Queue.Priority_Queue" name="priorityQueue" time="0.001"/>
  <testcase classname="Set.Hash_Set" name="hashSet" time="0.002"/>
  <testcase classname="Set.Linked_HashSet" name="linkedHashSet" time="0.006"/>
  <testcase classname="SortedSet.Tree_Set" name="treeSet" time="0.026"/>
</testsuite> <!-- Test -->
