<?xml version="1.0" encoding="UTF-8"?>
<testng-results ignored="0" total="12" passed="12" failed="0" skipped="0">
  <reporter-output>
  </reporter-output>
  <suite started-at="2024-01-10T15:35:21 IST" name="Suite" finished-at="2024-01-10T15:43:36 IST" duration-ms="494803">
    <groups>
    </groups>
    <test started-at="2024-01-10T15:35:21 IST" name="Test" finished-at="2024-01-10T15:43:36 IST" duration-ms="494803">
      <class name="ClientApplication.POMClientAppWithJSON">
        <test-method is-config="true" signature="launchApplication()[pri:0, instance:ClientApplication.POMClientAppWithJSON@304bb45b]" started-at="2024-01-10T15:39:41 IST" name="launchApplication" finished-at="2024-01-10T15:39:56 IST" duration-ms="14625" status="PASS">
          <reporter-output>
          </reporter-output>
        </test-method> <!-- launchApplication -->
        <test-method signature="purchaseOrder(java.util.HashMap)[pri:0, instance:ClientApplication.POMClientAppWithJSON@304bb45b]" started-at="2024-01-10T15:39:56 IST" name="purchaseOrder" data-provider="getData" finished-at="2024-01-10T15:40:18 IST" duration-ms="22093" status="PASS">
          <params>
            <param index="0">
              <value>
                <![CDATA[{password=Satz@984, product=IPHONE 13 PRO, username=sathishsuresh984@gmail.com}]]>
              </value>
            </param>
          </params>
          <reporter-output>
          </reporter-output>
        </test-method> <!-- purchaseOrder -->
        <test-method is-config="true" signature="closeDriverInstance()[pri:0, instance:ClientApplication.POMClientAppWithJSON@304bb45b]" started-at="2024-01-10T15:40:18 IST" name="closeDriverInstance" finished-at="2024-01-10T15:40:30 IST" duration-ms="12257" status="PASS">
          <reporter-output>
          </reporter-output>
        </test-method> <!-- closeDriverInstance -->
        <test-method is-config="true" signature="launchApplication()[pri:0, instance:ClientApplication.POMClientAppWithJSON@304bb45b]" started-at="2024-01-10T15:40:30 IST" name="launchApplication" finished-at="2024-01-10T15:40:43 IST" duration-ms="12703" status="PASS">
          <reporter-output>
          </reporter-output>
        </test-method> <!-- launchApplication -->
        <test-method signature="purchaseOrder(java.util.HashMap)[pri:0, instance:ClientApplication.POMClientAppWithJSON@304bb45b]" started-at="2024-01-10T15:40:43 IST" name="purchaseOrder" data-provider="getData" finished-at="2024-01-10T15:41:05 IST" duration-ms="21831" status="PASS">
          <params>
            <param index="0">
              <value>
                <![CDATA[{password=Satz@984, product=ADIDAS ORIGINAL, username=sathishsuresh984@gmail.com}]]>
              </value>
            </param>
          </params>
          <reporter-output>
          </reporter-output>
        </test-method> <!-- purchaseOrder -->
        <test-method is-config="true" signature="closeDriverInstance()[pri:0, instance:ClientApplication.POMClientAppWithJSON@304bb45b]" started-at="2024-01-10T15:41:05 IST" name="closeDriverInstance" finished-at="2024-01-10T15:41:07 IST" duration-ms="2462" status="PASS">
          <reporter-output>
          </reporter-output>
        </test-method> <!-- closeDriverInstance -->
        <test-method is-config="true" signature="launchApplication()[pri:0, instance:ClientApplication.POMClientAppWithJSON@304bb45b]" started-at="2024-01-10T15:41:07 IST" name="launchApplication" finished-at="2024-01-10T15:41:20 IST" duration-ms="13123" status="PASS">
          <reporter-output>
          </reporter-output>
        </test-method> <!-- launchApplication -->
        <test-method signature="VerifyOrder()[pri:0, instance:ClientApplication.POMClientAppWithJSON@304bb45b]" started-at="2024-01-10T15:41:20 IST" name="VerifyOrder" finished-at="2024-01-10T15:41:34 IST" depends-on-methods="ClientApplication.POMClientAppWithJSON.purchaseOrder" duration-ms="13212" status="PASS">
          <reporter-output>
          </reporter-output>
        </test-method> <!-- VerifyOrder -->
        <test-method is-config="true" signature="closeDriverInstance()[pri:0, instance:ClientApplication.POMClientAppWithJSON@304bb45b]" started-at="2024-01-10T15:41:34 IST" name="closeDriverInstance" finished-at="2024-01-10T15:41:34 IST" duration-ms="351" status="PASS">
          <reporter-output>
          </reporter-output>
        </test-method> <!-- closeDriverInstance -->
      </class> <!-- ClientApplication.POMClientAppWithJSON -->
      <class name="ClientApplication.POMClientAppEnd2EndFlow">
        <test-method is-config="true" signature="launchApplication()[pri:0, instance:ClientApplication.POMClientAppEnd2EndFlow@7fd50002]" started-at="2024-01-10T15:37:50 IST" name="launchApplication" finished-at="2024-01-10T15:38:03 IST" duration-ms="13428" status="PASS">
          <reporter-output>
          </reporter-output>
        </test-method> <!-- launchApplication -->
        <test-method signature="purchaseOrder()[pri:0, instance:ClientApplication.POMClientAppEnd2EndFlow@7fd50002]" started-at="2024-01-10T15:38:03 IST" name="purchaseOrder" finished-at="2024-01-10T15:38:24 IST" duration-ms="20813" status="PASS">
          <reporter-output>
          </reporter-output>
        </test-method> <!-- purchaseOrder -->
        <test-method is-config="true" signature="closeDriverInstance()[pri:0, instance:ClientApplication.POMClientAppEnd2EndFlow@7fd50002]" started-at="2024-01-10T15:38:24 IST" name="closeDriverInstance" finished-at="2024-01-10T15:38:40 IST" duration-ms="15643" status="PASS">
          <reporter-output>
          </reporter-output>
        </test-method> <!-- closeDriverInstance -->
        <test-method is-config="true" signature="launchApplication()[pri:0, instance:ClientApplication.POMClientAppEnd2EndFlow@7fd50002]" started-at="2024-01-10T15:38:40 IST" name="launchApplication" finished-at="2024-01-10T15:38:52 IST" duration-ms="12566" status="PASS">
          <reporter-output>
          </reporter-output>
        </test-method> <!-- launchApplication -->
        <test-method signature="VerifyOrder()[pri:0, instance:ClientApplication.POMClientAppEnd2EndFlow@7fd50002]" started-at="2024-01-10T15:38:52 IST" name="VerifyOrder" finished-at="2024-01-10T15:39:05 IST" depends-on-methods="ClientApplication.POMClientAppEnd2EndFlow.purchaseOrder" duration-ms="13177" status="PASS">
          <reporter-output>
          </reporter-output>
        </test-method> <!-- VerifyOrder -->
        <test-method is-config="true" signature="closeDriverInstance()[pri:0, instance:ClientApplication.POMClientAppEnd2EndFlow@7fd50002]" started-at="2024-01-10T15:39:05 IST" name="closeDriverInstance" finished-at="2024-01-10T15:39:06 IST" duration-ms="592" status="PASS">
          <reporter-output>
          </reporter-output>
        </test-method> <!-- closeDriverInstance -->
      </class> <!-- ClientApplication.POMClientAppEnd2EndFlow -->
      <class name="ClientApplication.POMClientAppDataProvider">
        <test-method is-config="true" signature="launchApplication()[pri:0, instance:ClientApplication.POMClientAppDataProvider@723ca036]" started-at="2024-01-10T15:41:34 IST" name="launchApplication" finished-at="2024-01-10T15:41:46 IST" duration-ms="11891" status="PASS">
          <reporter-output>
          </reporter-output>
        </test-method> <!-- launchApplication -->
        <test-method signature="purchaseOrder(java.lang.String,java.lang.String,java.lang.String)[pri:0, instance:ClientApplication.POMClientAppDataProvider@723ca036]" started-at="2024-01-10T15:41:46 IST" name="purchaseOrder" data-provider="getData" finished-at="2024-01-10T15:42:09 IST" duration-ms="22955" status="PASS">
          <params>
            <param index="0">
              <value>
                <![CDATA[sathishsuresh984@gmail.com]]>
              </value>
            </param>
            <param index="1">
              <value>
                <![CDATA[Satz@984]]>
              </value>
            </param>
            <param index="2">
              <value>
                <![CDATA[IPHONE 13 PRO]]>
              </value>
            </param>
          </params>
          <reporter-output>
          </reporter-output>
        </test-method> <!-- purchaseOrder -->
        <test-method is-config="true" signature="closeDriverInstance()[pri:0, instance:ClientApplication.POMClientAppDataProvider@723ca036]" started-at="2024-01-10T15:42:09 IST" name="closeDriverInstance" finished-at="2024-01-10T15:42:15 IST" duration-ms="5835" status="PASS">
          <reporter-output>
          </reporter-output>
        </test-method> <!-- closeDriverInstance -->
        <test-method is-config="true" signature="launchApplication()[pri:0, instance:ClientApplication.POMClientAppDataProvider@723ca036]" started-at="2024-01-10T15:42:15 IST" name="launchApplication" finished-at="2024-01-10T15:42:27 IST" duration-ms="12216" status="PASS">
          <reporter-output>
          </reporter-output>
        </test-method> <!-- launchApplication -->
        <test-method signature="purchaseOrder(java.lang.String,java.lang.String,java.lang.String)[pri:0, instance:ClientApplication.POMClientAppDataProvider@723ca036]" started-at="2024-01-10T15:42:27 IST" name="purchaseOrder" data-provider="getData" finished-at="2024-01-10T15:43:00 IST" duration-ms="33400" status="PASS">
          <params>
            <param index="0">
              <value>
                <![CDATA[sathishsuresh984@gmail.com]]>
              </value>
            </param>
            <param index="1">
              <value>
                <![CDATA[Satz@984]]>
              </value>
            </param>
            <param index="2">
              <value>
                <![CDATA[ADIDAS ORIGINAL]]>
              </value>
            </param>
          </params>
          <reporter-output>
          </reporter-output>
        </test-method> <!-- purchaseOrder -->
        <test-method is-config="true" signature="closeDriverInstance()[pri:0, instance:ClientApplication.POMClientAppDataProvider@723ca036]" started-at="2024-01-10T15:43:00 IST" name="closeDriverInstance" finished-at="2024-01-10T15:43:07 IST" duration-ms="6728" status="PASS">
          <reporter-output>
          </reporter-output>
        </test-method> <!-- closeDriverInstance -->
        <test-method is-config="true" signature="launchApplication()[pri:0, instance:ClientApplication.POMClientAppDataProvider@723ca036]" started-at="2024-01-10T15:43:07 IST" name="launchApplication" finished-at="2024-01-10T15:43:20 IST" duration-ms="13400" status="PASS">
          <reporter-output>
          </reporter-output>
        </test-method> <!-- launchApplication -->
        <test-method signature="VerifyOrder()[pri:0, instance:ClientApplication.POMClientAppDataProvider@723ca036]" started-at="2024-01-10T15:43:20 IST" name="VerifyOrder" finished-at="2024-01-10T15:43:34 IST" depends-on-methods="ClientApplication.POMClientAppDataProvider.purchaseOrder" duration-ms="13678" status="PASS">
          <reporter-output>
          </reporter-output>
        </test-method> <!-- VerifyOrder -->
        <test-method is-config="true" signature="closeDriverInstance()[pri:0, instance:ClientApplication.POMClientAppDataProvider@723ca036]" started-at="2024-01-10T15:43:34 IST" name="closeDriverInstance" finished-at="2024-01-10T15:43:36 IST" duration-ms="1845" status="PASS">
          <reporter-output>
          </reporter-output>
        </test-method> <!-- closeDriverInstance -->
      </class> <!-- ClientApplication.POMClientAppDataProvider -->
      <class name="ClientApplication.ClientAppEnd2EndFlow">
        <test-method signature="OrderPurchase()[pri:0, instance:ClientApplication.ClientAppEnd2EndFlow@533bda92]" started-at="2024-01-10T15:39:06 IST" name="OrderPurchase" finished-at="2024-01-10T15:39:41 IST" duration-ms="35032" status="PASS">
          <reporter-output>
          </reporter-output>
        </test-method> <!-- OrderPurchase -->
      </class> <!-- ClientApplication.ClientAppEnd2EndFlow -->
      <class name="ClientApplication.POMClientAppWithHashMap">
        <test-method is-config="true" signature="launchApplication()[pri:0, instance:ClientApplication.POMClientAppWithHashMap@48bb62]" started-at="2024-01-10T15:35:21 IST" name="launchApplication" finished-at="2024-01-10T15:35:35 IST" duration-ms="14226" status="PASS">
          <reporter-output>
          </reporter-output>
        </test-method> <!-- launchApplication -->
        <test-method signature="purchaseOrder(java.util.HashMap)[pri:0, instance:ClientApplication.POMClientAppWithHashMap@48bb62]" started-at="2024-01-10T15:35:35 IST" name="purchaseOrder" data-provider="getData" finished-at="2024-01-10T15:36:08 IST" duration-ms="32341" status="PASS">
          <params>
            <param index="0">
              <value>
                <![CDATA[{password=Satz@984, product=IPHONE 13 PRO, username=sathishsuresh984@gmail.com}]]>
              </value>
            </param>
          </params>
          <reporter-output>
          </reporter-output>
        </test-method> <!-- purchaseOrder -->
        <test-method is-config="true" signature="closeDriverInstance()[pri:0, instance:ClientApplication.POMClientAppWithHashMap@48bb62]" started-at="2024-01-10T15:36:08 IST" name="closeDriverInstance" finished-at="2024-01-10T15:36:10 IST" duration-ms="2436" status="PASS">
          <reporter-output>
          </reporter-output>
        </test-method> <!-- closeDriverInstance -->
        <test-method is-config="true" signature="launchApplication()[pri:0, instance:ClientApplication.POMClientAppWithHashMap@48bb62]" started-at="2024-01-10T15:36:10 IST" name="launchApplication" finished-at="2024-01-10T15:36:25 IST" duration-ms="14551" status="PASS">
          <reporter-output>
          </reporter-output>
        </test-method> <!-- launchApplication -->
        <test-method signature="purchaseOrder(java.util.HashMap)[pri:0, instance:ClientApplication.POMClientAppWithHashMap@48bb62]" started-at="2024-01-10T15:36:25 IST" name="purchaseOrder" data-provider="getData" finished-at="2024-01-10T15:36:57 IST" duration-ms="32587" status="PASS">
          <params>
            <param index="0">
              <value>
                <![CDATA[{password=Satz@984, product=ADIDAS ORIGINAL, username=sathishsuresh984@gmail.com}]]>
              </value>
            </param>
          </params>
          <reporter-output>
          </reporter-output>
        </test-method> <!-- purchaseOrder -->
        <test-method is-config="true" signature="closeDriverInstance()[pri:0, instance:ClientApplication.POMClientAppWithHashMap@48bb62]" started-at="2024-01-10T15:36:57 IST" name="closeDriverInstance" finished-at="2024-01-10T15:37:09 IST" duration-ms="11680" status="PASS">
          <reporter-output>
          </reporter-output>
        </test-method> <!-- closeDriverInstance -->
        <test-method is-config="true" signature="launchApplication()[pri:0, instance:ClientApplication.POMClientAppWithHashMap@48bb62]" started-at="2024-01-10T15:37:09 IST" name="launchApplication" finished-at="2024-01-10T15:37:21 IST" duration-ms="12365" status="PASS">
          <reporter-output>
          </reporter-output>
        </test-method> <!-- launchApplication -->
        <test-method signature="VerifyOrder()[pri:0, instance:ClientApplication.POMClientAppWithHashMap@48bb62]" started-at="2024-01-10T15:37:21 IST" name="VerifyOrder" finished-at="2024-01-10T15:37:35 IST" depends-on-methods="ClientApplication.POMClientAppWithHashMap.purchaseOrder" duration-ms="13158" status="PASS">
          <reporter-output>
          </reporter-output>
        </test-method> <!-- VerifyOrder -->
        <test-method is-config="true" signature="closeDriverInstance()[pri:0, instance:ClientApplication.POMClientAppWithHashMap@48bb62]" started-at="2024-01-10T15:37:35 IST" name="closeDriverInstance" finished-at="2024-01-10T15:37:50 IST" duration-ms="15276" status="PASS">
          <reporter-output>
          </reporter-output>
        </test-method> <!-- closeDriverInstance -->
      </class> <!-- ClientApplication.POMClientAppWithHashMap -->
    </test> <!-- Test -->
  </suite> <!-- Suite -->
</testng-results>
