<?xml version="1.0" encoding="UTF-8"?>
<testng-results ignored="0" total="1" passed="1" failed="0" skipped="0">
  <reporter-output>
  </reporter-output>
  <suite started-at="2024-01-11T17:50:03 IST" name="Default suite" finished-at="2024-01-11T17:50:22 IST" duration-ms="18873">
    <groups>
    </groups>
    <test started-at="2024-01-11T17:50:03 IST" name="Default test" finished-at="2024-01-11T17:50:22 IST" duration-ms="18873">
      <class name="WaitSynchronization.ExplicitWait">
        <test-method signature="explicitWait()[pri:0, instance:WaitSynchronization.ExplicitWait@1ebea008]" started-at="2024-01-11T17:50:03 IST" name="explicitWait" finished-at="2024-01-11T17:50:22 IST" duration-ms="18783" status="PASS">
          <reporter-output>
          </reporter-output>
        </test-method> <!-- explicitWait -->
      </class> <!-- WaitSynchronization.ExplicitWait -->
    </test> <!-- Default test -->
  </suite> <!-- Default suite -->
</testng-results>
