<?xml version="1.0" encoding="UTF-8"?>
<testng-results ignored="0" total="1" passed="1" failed="0" skipped="0">
  <reporter-output>
  </reporter-output>
  <suite started-at="2024-01-10T16:39:28 IST" name="Default suite" finished-at="2024-01-10T16:39:54 IST" duration-ms="25383">
    <groups>
    </groups>
    <test started-at="2024-01-10T16:39:28 IST" name="Default test" finished-at="2024-01-10T16:39:54 IST" duration-ms="25383">
      <class name="ClientApplication.ClientAppEnd2EndFlow">
        <test-method signature="OrderPurchase()[pri:0, instance:ClientApplication.ClientAppEnd2EndFlow@1ca3b418]" started-at="2024-01-10T16:39:28 IST" name="OrderPurchase" finished-at="2024-01-10T16:39:54 IST" duration-ms="25309" status="PASS">
          <reporter-output>
          </reporter-output>
        </test-method> <!-- OrderPurchase -->
      </class> <!-- ClientApplication.ClientAppEnd2EndFlow -->
    </test> <!-- Default test -->
  </suite> <!-- Default suite -->
</testng-results>
